Test Execution Report
====================
Command: pytest tests/utils/test_data_loader.py -v
Date: Mon Dec  8 07:02:44 CET 2025
Working Directory: /lustre/fast/fast/txiao/ym/rl_onoff

Output:
-------
============================= test session starts ==============================
platform linux -- Python 3.10.19, pytest-9.0.2, pluggy-1.6.0 -- /fast/txiao/conda_envs/rlon/bin/python3.10
cachedir: .pytest_cache
rootdir: /lustre/fast/fast/txiao/ym/rl_onoff
plugins: anyio-4.4.0, typeguard-4.3.0, cov-7.0.0
collecting ... collected 18 items

tests/utils/test_data_loader.py::TestDataLoader::test_load_json PASSED   [  5%]
tests/utils/test_data_loader.py::TestDataLoader::test_load_jsonl PASSED  [ 11%]
tests/utils/test_data_loader.py::TestDataLoader::test_load_csv PASSED    [ 16%]
tests/utils/test_data_loader.py::TestDataLoader::test_load_csv_preserves_columns PASSED [ 22%]
tests/utils/test_data_loader.py::TestDataLoader::test_load_data_auto_detect_json PASSED [ 27%]
tests/utils/test_data_loader.py::TestDataLoader::test_load_data_auto_detect_jsonl PASSED [ 33%]
tests/utils/test_data_loader.py::TestDataLoader::test_load_data_auto_detect_csv PASSED [ 38%]
tests/utils/test_data_loader.py::TestDataLoader::test_load_parquet PASSED [ 44%]
tests/utils/test_data_loader.py::TestDataLoader::test_load_parquet_preserves_columns PASSED [ 50%]
tests/utils/test_data_loader.py::TestDataLoader::test_load_data_auto_detect_parquet PASSED [ 55%]
tests/utils/test_data_loader.py::TestDataLoader::test_load_data_file_not_found PASSED [ 61%]
tests/utils/test_data_loader.py::TestDataLoader::test_load_data_unsupported_format PASSED [ 66%]
tests/utils/test_data_loader.py::TestDataLoader::test_load_huggingface_dataset_real_aime_2024 SKIPPED [ 72%]
tests/utils/test_data_loader.py::TestDataLoader::test_load_huggingface_dataset_real_aime_with_limit PASSED [ 77%]
tests/utils/test_data_loader.py::TestDataLoader::test_load_real_parquet_files PASSED [ 83%]
tests/utils/test_data_loader.py::TestDataLoader::test_load_real_parquet_gsm8k PASSED [ 88%]
tests/utils/test_data_loader.py::TestDataLoader::test_load_real_parquet_math PASSED [ 94%]
tests/utils/test_data_loader.py::TestDataLoader::test_load_real_parquet_preserves_all_columns PASSED [100%]

======================== 17 passed, 1 skipped in 22.86s ========================
